<?xml version="1.0" encoding="UTF-8"?>
<testsuite xmlns:xsi="http://www.w3.org/2001/XMLSchema-instance" xsi:noNamespaceSchemaLocation="https://maven.apache.org/surefire/maven-surefire-plugin/xsd/surefire-test-report.xsd" name="com.jbq.bookstore.repository.BookRepositoryTest" time="6.958" tests="1" errors="1" skipped="0" failures="0">
  <properties>
    <property name="sun.desktop" value="windows"/>
    <property name="awt.toolkit" value="sun.awt.windows.WToolkit"/>
    <property name="file.encoding.pkg" value="sun.io"/>
    <property name="java.specification.version" value="1.8"/>
    <property name="arquillian.launch" value="arquillian-wildfly-remote"/>
    <property name="sun.cpu.isalist" value="amd64"/>
    <property name="sun.jnu.encoding" value="Cp1252"/>
    <property name="java.class.path" value="C:\Users\Josh\Code\JavaEE\bookstore\bookstore-back\target\test-classes;C:\Users\Josh\Code\JavaEE\bookstore\bookstore-back\target\classes;C:\Users\Josh\.m2\repository\javax\javaee-web-api\7.0\javaee-web-api-7.0.jar;C:\Users\Josh\.m2\repository\junit\junit\4.12\junit-4.12.jar;C:\Users\Josh\.m2\repository\org\hamcrest\hamcrest-core\1.3\hamcrest-core-1.3.jar;C:\Users\Josh\.m2\repository\org\jboss\arquillian\junit\arquillian-junit-container\1.4.1.Final\arquillian-junit-container-1.4.1.Final.jar;C:\Users\Josh\.m2\repository\org\jboss\arquillian\junit\arquillian-junit-core\1.4.1.Final\arquillian-junit-core-1.4.1.Final.jar;C:\Users\Josh\.m2\repository\org\jboss\arquillian\test\arquillian-test-api\1.4.1.Final\arquillian-test-api-1.4.1.Final.jar;C:\Users\Josh\.m2\repository\org\jboss\arquillian\test\arquillian-test-spi\1.4.1.Final\arquillian-test-spi-1.4.1.Final.jar;C:\Users\Josh\.m2\repository\org\jboss\arquillian\core\arquillian-core-spi\1.4.1.Final\arquillian-core-spi-1.4.1.Final.jar;C:\Users\Josh\.m2\repository\org\jboss\arquillian\container\arquillian-container-test-api\1.4.1.Final\arquillian-container-test-api-1.4.1.Final.jar;C:\Users\Josh\.m2\repository\org\jboss\shrinkwrap\shrinkwrap-api\1.2.6\shrinkwrap-api-1.2.6.jar;C:\Users\Josh\.m2\repository\org\jboss\shrinkwrap\descriptors\shrinkwrap-descriptors-api-base\2.0.0\shrinkwrap-descriptors-api-base-2.0.0.jar;C:\Users\Josh\.m2\repository\org\jboss\arquillian\container\arquillian-container-test-spi\1.4.1.Final\arquillian-container-test-spi-1.4.1.Final.jar;C:\Users\Josh\.m2\repository\org\jboss\arquillian\container\arquillian-container-spi\1.4.1.Final\arquillian-container-spi-1.4.1.Final.jar;C:\Users\Josh\.m2\repository\org\jboss\arquillian\core\arquillian-core-impl-base\1.4.1.Final\arquillian-core-impl-base-1.4.1.Final.jar;C:\Users\Josh\.m2\repository\org\jboss\arquillian\test\arquillian-test-impl-base\1.4.1.Final\arquillian-test-impl-base-1.4.1.Final.jar;C:\Users\Josh\.m2\repository\org\jboss\arquillian\container\arquillian-container-impl-base\1.4.1.Final\arquillian-container-impl-base-1.4.1.Final.jar;C:\Users\Josh\.m2\repository\org\jboss\arquillian\config\arquillian-config-api\1.4.1.Final\arquillian-config-api-1.4.1.Final.jar;C:\Users\Josh\.m2\repository\org\jboss\arquillian\config\arquillian-config-impl-base\1.4.1.Final\arquillian-config-impl-base-1.4.1.Final.jar;C:\Users\Josh\.m2\repository\org\jboss\arquillian\config\arquillian-config-spi\1.4.1.Final\arquillian-config-spi-1.4.1.Final.jar;C:\Users\Josh\.m2\repository\org\jboss\shrinkwrap\descriptors\shrinkwrap-descriptors-spi\2.0.0\shrinkwrap-descriptors-spi-2.0.0.jar;C:\Users\Josh\.m2\repository\org\jboss\arquillian\container\arquillian-container-test-impl-base\1.4.1.Final\arquillian-container-test-impl-base-1.4.1.Final.jar;C:\Users\Josh\.m2\repository\org\jboss\shrinkwrap\shrinkwrap-impl-base\1.2.6\shrinkwrap-impl-base-1.2.6.jar;C:\Users\Josh\.m2\repository\org\jboss\shrinkwrap\shrinkwrap-spi\1.2.6\shrinkwrap-spi-1.2.6.jar;C:\Users\Josh\.m2\repository\org\wildfly\arquillian\wildfly-arquillian-container-remote\2.1.1.Final\wildfly-arquillian-container-remote-2.1.1.Final.jar;C:\Users\Josh\.m2\repository\org\wildfly\arquillian\wildfly-arquillian-common\2.1.1.Final\wildfly-arquillian-common-2.1.1.Final.jar;C:\Users\Josh\.m2\repository\org\jboss\arquillian\testenricher\arquillian-testenricher-cdi\1.4.1.Final\arquillian-testenricher-cdi-1.4.1.Final.jar;C:\Users\Josh\.m2\repository\org\jboss\arquillian\testenricher\arquillian-testenricher-ejb\1.4.1.Final\arquillian-testenricher-ejb-1.4.1.Final.jar;C:\Users\Josh\.m2\repository\org\jboss\arquillian\testenricher\arquillian-testenricher-initialcontext\1.4.1.Final\arquillian-testenricher-initialcontext-1.4.1.Final.jar;C:\Users\Josh\.m2\repository\org\jboss\arquillian\testenricher\arquillian-testenricher-resource\1.4.1.Final\arquillian-testenricher-resource-1.4.1.Final.jar;C:\Users\Josh\.m2\repository\org\jboss\arquillian\protocol\arquillian-protocol-servlet\1.4.1.Final\arquillian-protocol-servlet-1.4.1.Final.jar;C:\Users\Josh\.m2\repository\org\wildfly\arquillian\wildfly-arquillian-testenricher-msc\2.1.1.Final\wildfly-arquillian-testenricher-msc-2.1.1.Final.jar;C:\Users\Josh\.m2\repository\org\wildfly\core\wildfly-server\3.0.0.Final\wildfly-server-3.0.0.Final.jar;C:\Users\Josh\.m2\repository\org\wildfly\core\wildfly-controller\3.0.0.Final\wildfly-controller-3.0.0.Final.jar;C:\Users\Josh\.m2\repository\org\jboss\staxmapper\1.3.0.Final\staxmapper-1.3.0.Final.jar;C:\Users\Josh\.m2\repository\org\projectodd\vdx\vdx-wildfly\1.1.6\vdx-wildfly-1.1.6.jar;C:\Users\Josh\.m2\repository\org\projectodd\vdx\vdx-core\1.1.6\vdx-core-1.1.6.jar;C:\Users\Josh\.m2\repository\org\wildfly\core\wildfly-core-management-client\3.0.0.Final\wildfly-core-management-client-3.0.0.Final.jar;C:\Users\Josh\.m2\repository\org\wildfly\core\wildfly-domain-http-interface\3.0.0.Final\wildfly-domain-http-interface-3.0.0.Final.jar;C:\Users\Josh\.m2\repository\org\wildfly\security\elytron-web\undertow-server\1.0.0.Final\undertow-server-1.0.0.Final.jar;C:\Users\Josh\.m2\repository\org\wildfly\core\wildfly-deployment-repository\3.0.0.Final\wildfly-deployment-repository-3.0.0.Final.jar;C:\Users\Josh\.m2\repository\org\wildfly\core\wildfly-platform-mbean\3.0.0.Final\wildfly-platform-mbean-3.0.0.Final.jar;C:\Users\Josh\.m2\repository\org\wildfly\core\wildfly-process-controller\3.0.0.Final\wildfly-process-controller-3.0.0.Final.jar;C:\Users\Josh\.m2\repository\org\wildfly\core\wildfly-network\3.0.0.Final\wildfly-network-3.0.0.Final.jar;C:\Users\Josh\.m2\repository\org\wildfly\core\wildfly-version\3.0.0.Final\wildfly-version-3.0.0.Final.jar;C:\Users\Josh\.m2\repository\org\jboss\jandex\2.0.3.Final\jandex-2.0.3.Final.jar;C:\Users\Josh\.m2\repository\org\jboss\invocation\jboss-invocation\1.5.0.Final\jboss-invocation-1.5.0.Final.jar;C:\Users\Josh\.m2\repository\org\jboss\logmanager\jboss-logmanager\2.0.7.Final\jboss-logmanager-2.0.7.Final.jar;C:\Users\Josh\.m2\repository\org\jboss\modules\jboss-modules\1.6.0.Final\jboss-modules-1.6.0.Final.jar;C:\Users\Josh\.m2\repository\org\jboss\remoting\jboss-remoting\5.0.0.Final\jboss-remoting-5.0.0.Final.jar;C:\Users\Josh\.m2\repository\org\jboss\stdio\jboss-stdio\1.0.2.GA\jboss-stdio-1.0.2.GA.jar;C:\Users\Josh\.m2\repository\org\jboss\jboss-vfs\3.2.12.Final\jboss-vfs-3.2.12.Final.jar;C:\Users\Josh\.m2\repository\io\undertow\undertow-core\1.4.18.Final\undertow-core-1.4.18.Final.jar;C:\Users\Josh\.m2\repository\org\wildfly\core\wildfly-controller-client\3.0.0.Final\wildfly-controller-client-3.0.0.Final.jar;C:\Users\Josh\.m2\repository\org\wildfly\core\wildfly-protocol\3.0.0.Final\wildfly-protocol-3.0.0.Final.jar;C:\Users\Josh\.m2\repository\org\jboss\xnio\xnio-api\3.5.1.Final\xnio-api-3.5.1.Final.jar;C:\Users\Josh\.m2\repository\org\jboss\xnio\xnio-nio\3.5.1.Final\xnio-nio-3.5.1.Final.jar;C:\Users\Josh\.m2\repository\org\jboss\jboss-dmr\1.4.1.Final\jboss-dmr-1.4.1.Final.jar;C:\Users\Josh\.m2\repository\org\jboss\logging\jboss-logging\3.3.1.Final\jboss-logging-3.3.1.Final.jar;C:\Users\Josh\.m2\repository\org\jboss\threads\jboss-threads\2.2.1.Final\jboss-threads-2.2.1.Final.jar;C:\Users\Josh\.m2\repository\org\wildfly\plugins\wildfly-plugin-core\1.2.0.Final\wildfly-plugin-core-1.2.0.Final.jar;C:\Users\Josh\.m2\repository\org\jboss\shrinkwrap\descriptors\shrinkwrap-descriptors-impl-base\2.0.0\shrinkwrap-descriptors-impl-base-2.0.0.jar;C:\Users\Josh\.m2\repository\org\wildfly\common\wildfly-common\1.2.0.Final\wildfly-common-1.2.0.Final.jar;C:\Users\Josh\.m2\repository\org\wildfly\arquillian\wildfly-arquillian-protocol-jmx\2.1.1.Final\wildfly-arquillian-protocol-jmx-2.1.1.Final.jar;C:\Users\Josh\.m2\repository\org\wildfly\security\wildfly-elytron\1.1.0.Final\wildfly-elytron-1.1.0.Final.jar;C:\Users\Josh\.m2\repository\org\jboss\arquillian\protocol\arquillian-protocol-jmx\1.4.1.Final\arquillian-protocol-jmx-1.4.1.Final.jar;C:\Users\Josh\.m2\repository\org\wildfly\core\wildfly-jmx\3.0.0.Final\wildfly-jmx-3.0.0.Final.jar;C:\Users\Josh\.m2\repository\org\jboss\msc\jboss-msc\1.2.7.SP1\jboss-msc-1.2.7.SP1.jar;C:\Users\Josh\.m2\repository\org\jboss\remotingjmx\remoting-jmx\3.0.0.Final\remoting-jmx-3.0.0.Final.jar;C:\Users\Josh\.m2\repository\org\wildfly\client\wildfly-client-config\1.0.0.Final\wildfly-client-config-1.0.0.Final.jar;C:\Users\Josh\.m2\repository\org\wildfly\core\wildfly-remoting\3.0.0.Final\wildfly-remoting-3.0.0.Final.jar;C:\Users\Josh\.m2\repository\org\wildfly\core\wildfly-domain-management\3.0.0.Final\wildfly-domain-management-3.0.0.Final.jar;C:\Users\Josh\.m2\repository\org\picketbox\picketbox\5.0.2.Final\picketbox-5.0.2.Final.jar;C:\Users\Josh\.m2\repository\org\wildfly\openssl\wildfly-openssl-java\1.0.2.Final\wildfly-openssl-java-1.0.2.Final.jar;C:\Users\Josh\.m2\repository\org\wildfly\core\wildfly-core-security\3.0.0.Final\wildfly-core-security-3.0.0.Final.jar;C:\Users\Josh\.m2\repository\org\wildfly\core\wildfly-core-security-api\3.0.0.Final\wildfly-core-security-api-3.0.0.Final.jar;C:\Users\Josh\.m2\repository\org\wildfly\core\wildfly-io\3.0.0.Final\wildfly-io-3.0.0.Final.jar;C:\Users\Josh\.m2\repository\org\jboss\marshalling\jboss-marshalling-river\2.0.0.Final\jboss-marshalling-river-2.0.0.Final.jar;C:\Users\Josh\.m2\repository\org\jboss\marshalling\jboss-marshalling\2.0.0.Final\jboss-marshalling-2.0.0.Final.jar;C:\Users\Josh\.m2\repository\org\jboss\arquillian\core\arquillian-core-api\1.4.1.Final\arquillian-core-api-1.4.1.Final.jar;"/>
    <property name="java.vm.vendor" value="Oracle Corporation"/>
    <property name="sun.arch.data.model" value="64"/>
    <property name="user.variant" value=""/>
    <property name="java.vendor.url" value="http://java.oracle.com/"/>
    <property name="user.timezone" value="Europe/London"/>
    <property name="java.vm.specification.version" value="1.8"/>
    <property name="os.name" value="Windows 10"/>
    <property name="user.country" value="IE"/>
    <property name="sun.java.launcher" value="SUN_STANDARD"/>
    <property name="sun.boot.library.path" value="C:\Program Files\Java\jdk1.8.0_202\jre\bin"/>
    <property name="sun.java.command" value="C:\Users\Josh\AppData\Local\Temp\surefire8619069659355421078\surefirebooter2419350262195348723.jar C:\Users\Josh\AppData\Local\Temp\surefire8619069659355421078 2020-06-12T20-29-08_480-jvmRun1 surefire4370547623989379073tmp surefire_03996381558274235558tmp"/>
    <property name="surefire.test.class.path" value="C:\Users\Josh\Code\JavaEE\bookstore\bookstore-back\target\test-classes;C:\Users\Josh\Code\JavaEE\bookstore\bookstore-back\target\classes;C:\Users\Josh\.m2\repository\javax\javaee-web-api\7.0\javaee-web-api-7.0.jar;C:\Users\Josh\.m2\repository\junit\junit\4.12\junit-4.12.jar;C:\Users\Josh\.m2\repository\org\hamcrest\hamcrest-core\1.3\hamcrest-core-1.3.jar;C:\Users\Josh\.m2\repository\org\jboss\arquillian\junit\arquillian-junit-container\1.4.1.Final\arquillian-junit-container-1.4.1.Final.jar;C:\Users\Josh\.m2\repository\org\jboss\arquillian\junit\arquillian-junit-core\1.4.1.Final\arquillian-junit-core-1.4.1.Final.jar;C:\Users\Josh\.m2\repository\org\jboss\arquillian\test\arquillian-test-api\1.4.1.Final\arquillian-test-api-1.4.1.Final.jar;C:\Users\Josh\.m2\repository\org\jboss\arquillian\test\arquillian-test-spi\1.4.1.Final\arquillian-test-spi-1.4.1.Final.jar;C:\Users\Josh\.m2\repository\org\jboss\arquillian\core\arquillian-core-spi\1.4.1.Final\arquillian-core-spi-1.4.1.Final.jar;C:\Users\Josh\.m2\repository\org\jboss\arquillian\container\arquillian-container-test-api\1.4.1.Final\arquillian-container-test-api-1.4.1.Final.jar;C:\Users\Josh\.m2\repository\org\jboss\shrinkwrap\shrinkwrap-api\1.2.6\shrinkwrap-api-1.2.6.jar;C:\Users\Josh\.m2\repository\org\jboss\shrinkwrap\descriptors\shrinkwrap-descriptors-api-base\2.0.0\shrinkwrap-descriptors-api-base-2.0.0.jar;C:\Users\Josh\.m2\repository\org\jboss\arquillian\container\arquillian-container-test-spi\1.4.1.Final\arquillian-container-test-spi-1.4.1.Final.jar;C:\Users\Josh\.m2\repository\org\jboss\arquillian\container\arquillian-container-spi\1.4.1.Final\arquillian-container-spi-1.4.1.Final.jar;C:\Users\Josh\.m2\repository\org\jboss\arquillian\core\arquillian-core-impl-base\1.4.1.Final\arquillian-core-impl-base-1.4.1.Final.jar;C:\Users\Josh\.m2\repository\org\jboss\arquillian\test\arquillian-test-impl-base\1.4.1.Final\arquillian-test-impl-base-1.4.1.Final.jar;C:\Users\Josh\.m2\repository\org\jboss\arquillian\container\arquillian-container-impl-base\1.4.1.Final\arquillian-container-impl-base-1.4.1.Final.jar;C:\Users\Josh\.m2\repository\org\jboss\arquillian\config\arquillian-config-api\1.4.1.Final\arquillian-config-api-1.4.1.Final.jar;C:\Users\Josh\.m2\repository\org\jboss\arquillian\config\arquillian-config-impl-base\1.4.1.Final\arquillian-config-impl-base-1.4.1.Final.jar;C:\Users\Josh\.m2\repository\org\jboss\arquillian\config\arquillian-config-spi\1.4.1.Final\arquillian-config-spi-1.4.1.Final.jar;C:\Users\Josh\.m2\repository\org\jboss\shrinkwrap\descriptors\shrinkwrap-descriptors-spi\2.0.0\shrinkwrap-descriptors-spi-2.0.0.jar;C:\Users\Josh\.m2\repository\org\jboss\arquillian\container\arquillian-container-test-impl-base\1.4.1.Final\arquillian-container-test-impl-base-1.4.1.Final.jar;C:\Users\Josh\.m2\repository\org\jboss\shrinkwrap\shrinkwrap-impl-base\1.2.6\shrinkwrap-impl-base-1.2.6.jar;C:\Users\Josh\.m2\repository\org\jboss\shrinkwrap\shrinkwrap-spi\1.2.6\shrinkwrap-spi-1.2.6.jar;C:\Users\Josh\.m2\repository\org\wildfly\arquillian\wildfly-arquillian-container-remote\2.1.1.Final\wildfly-arquillian-container-remote-2.1.1.Final.jar;C:\Users\Josh\.m2\repository\org\wildfly\arquillian\wildfly-arquillian-common\2.1.1.Final\wildfly-arquillian-common-2.1.1.Final.jar;C:\Users\Josh\.m2\repository\org\jboss\arquillian\testenricher\arquillian-testenricher-cdi\1.4.1.Final\arquillian-testenricher-cdi-1.4.1.Final.jar;C:\Users\Josh\.m2\repository\org\jboss\arquillian\testenricher\arquillian-testenricher-ejb\1.4.1.Final\arquillian-testenricher-ejb-1.4.1.Final.jar;C:\Users\Josh\.m2\repository\org\jboss\arquillian\testenricher\arquillian-testenricher-initialcontext\1.4.1.Final\arquillian-testenricher-initialcontext-1.4.1.Final.jar;C:\Users\Josh\.m2\repository\org\jboss\arquillian\testenricher\arquillian-testenricher-resource\1.4.1.Final\arquillian-testenricher-resource-1.4.1.Final.jar;C:\Users\Josh\.m2\repository\org\jboss\arquillian\protocol\arquillian-protocol-servlet\1.4.1.Final\arquillian-protocol-servlet-1.4.1.Final.jar;C:\Users\Josh\.m2\repository\org\wildfly\arquillian\wildfly-arquillian-testenricher-msc\2.1.1.Final\wildfly-arquillian-testenricher-msc-2.1.1.Final.jar;C:\Users\Josh\.m2\repository\org\wildfly\core\wildfly-server\3.0.0.Final\wildfly-server-3.0.0.Final.jar;C:\Users\Josh\.m2\repository\org\wildfly\core\wildfly-controller\3.0.0.Final\wildfly-controller-3.0.0.Final.jar;C:\Users\Josh\.m2\repository\org\jboss\staxmapper\1.3.0.Final\staxmapper-1.3.0.Final.jar;C:\Users\Josh\.m2\repository\org\projectodd\vdx\vdx-wildfly\1.1.6\vdx-wildfly-1.1.6.jar;C:\Users\Josh\.m2\repository\org\projectodd\vdx\vdx-core\1.1.6\vdx-core-1.1.6.jar;C:\Users\Josh\.m2\repository\org\wildfly\core\wildfly-core-management-client\3.0.0.Final\wildfly-core-management-client-3.0.0.Final.jar;C:\Users\Josh\.m2\repository\org\wildfly\core\wildfly-domain-http-interface\3.0.0.Final\wildfly-domain-http-interface-3.0.0.Final.jar;C:\Users\Josh\.m2\repository\org\wildfly\security\elytron-web\undertow-server\1.0.0.Final\undertow-server-1.0.0.Final.jar;C:\Users\Josh\.m2\repository\org\wildfly\core\wildfly-deployment-repository\3.0.0.Final\wildfly-deployment-repository-3.0.0.Final.jar;C:\Users\Josh\.m2\repository\org\wildfly\core\wildfly-platform-mbean\3.0.0.Final\wildfly-platform-mbean-3.0.0.Final.jar;C:\Users\Josh\.m2\repository\org\wildfly\core\wildfly-process-controller\3.0.0.Final\wildfly-process-controller-3.0.0.Final.jar;C:\Users\Josh\.m2\repository\org\wildfly\core\wildfly-network\3.0.0.Final\wildfly-network-3.0.0.Final.jar;C:\Users\Josh\.m2\repository\org\wildfly\core\wildfly-version\3.0.0.Final\wildfly-version-3.0.0.Final.jar;C:\Users\Josh\.m2\repository\org\jboss\jandex\2.0.3.Final\jandex-2.0.3.Final.jar;C:\Users\Josh\.m2\repository\org\jboss\invocation\jboss-invocation\1.5.0.Final\jboss-invocation-1.5.0.Final.jar;C:\Users\Josh\.m2\repository\org\jboss\logmanager\jboss-logmanager\2.0.7.Final\jboss-logmanager-2.0.7.Final.jar;C:\Users\Josh\.m2\repository\org\jboss\modules\jboss-modules\1.6.0.Final\jboss-modules-1.6.0.Final.jar;C:\Users\Josh\.m2\repository\org\jboss\remoting\jboss-remoting\5.0.0.Final\jboss-remoting-5.0.0.Final.jar;C:\Users\Josh\.m2\repository\org\jboss\stdio\jboss-stdio\1.0.2.GA\jboss-stdio-1.0.2.GA.jar;C:\Users\Josh\.m2\repository\org\jboss\jboss-vfs\3.2.12.Final\jboss-vfs-3.2.12.Final.jar;C:\Users\Josh\.m2\repository\io\undertow\undertow-core\1.4.18.Final\undertow-core-1.4.18.Final.jar;C:\Users\Josh\.m2\repository\org\wildfly\core\wildfly-controller-client\3.0.0.Final\wildfly-controller-client-3.0.0.Final.jar;C:\Users\Josh\.m2\repository\org\wildfly\core\wildfly-protocol\3.0.0.Final\wildfly-protocol-3.0.0.Final.jar;C:\Users\Josh\.m2\repository\org\jboss\xnio\xnio-api\3.5.1.Final\xnio-api-3.5.1.Final.jar;C:\Users\Josh\.m2\repository\org\jboss\xnio\xnio-nio\3.5.1.Final\xnio-nio-3.5.1.Final.jar;C:\Users\Josh\.m2\repository\org\jboss\jboss-dmr\1.4.1.Final\jboss-dmr-1.4.1.Final.jar;C:\Users\Josh\.m2\repository\org\jboss\logging\jboss-logging\3.3.1.Final\jboss-logging-3.3.1.Final.jar;C:\Users\Josh\.m2\repository\org\jboss\threads\jboss-threads\2.2.1.Final\jboss-threads-2.2.1.Final.jar;C:\Users\Josh\.m2\repository\org\wildfly\plugins\wildfly-plugin-core\1.2.0.Final\wildfly-plugin-core-1.2.0.Final.jar;C:\Users\Josh\.m2\repository\org\jboss\shrinkwrap\descriptors\shrinkwrap-descriptors-impl-base\2.0.0\shrinkwrap-descriptors-impl-base-2.0.0.jar;C:\Users\Josh\.m2\repository\org\wildfly\common\wildfly-common\1.2.0.Final\wildfly-common-1.2.0.Final.jar;C:\Users\Josh\.m2\repository\org\wildfly\arquillian\wildfly-arquillian-protocol-jmx\2.1.1.Final\wildfly-arquillian-protocol-jmx-2.1.1.Final.jar;C:\Users\Josh\.m2\repository\org\wildfly\security\wildfly-elytron\1.1.0.Final\wildfly-elytron-1.1.0.Final.jar;C:\Users\Josh\.m2\repository\org\jboss\arquillian\protocol\arquillian-protocol-jmx\1.4.1.Final\arquillian-protocol-jmx-1.4.1.Final.jar;C:\Users\Josh\.m2\repository\org\wildfly\core\wildfly-jmx\3.0.0.Final\wildfly-jmx-3.0.0.Final.jar;C:\Users\Josh\.m2\repository\org\jboss\msc\jboss-msc\1.2.7.SP1\jboss-msc-1.2.7.SP1.jar;C:\Users\Josh\.m2\repository\org\jboss\remotingjmx\remoting-jmx\3.0.0.Final\remoting-jmx-3.0.0.Final.jar;C:\Users\Josh\.m2\repository\org\wildfly\client\wildfly-client-config\1.0.0.Final\wildfly-client-config-1.0.0.Final.jar;C:\Users\Josh\.m2\repository\org\wildfly\core\wildfly-remoting\3.0.0.Final\wildfly-remoting-3.0.0.Final.jar;C:\Users\Josh\.m2\repository\org\wildfly\core\wildfly-domain-management\3.0.0.Final\wildfly-domain-management-3.0.0.Final.jar;C:\Users\Josh\.m2\repository\org\picketbox\picketbox\5.0.2.Final\picketbox-5.0.2.Final.jar;C:\Users\Josh\.m2\repository\org\wildfly\openssl\wildfly-openssl-java\1.0.2.Final\wildfly-openssl-java-1.0.2.Final.jar;C:\Users\Josh\.m2\repository\org\wildfly\core\wildfly-core-security\3.0.0.Final\wildfly-core-security-3.0.0.Final.jar;C:\Users\Josh\.m2\repository\org\wildfly\core\wildfly-core-security-api\3.0.0.Final\wildfly-core-security-api-3.0.0.Final.jar;C:\Users\Josh\.m2\repository\org\wildfly\core\wildfly-io\3.0.0.Final\wildfly-io-3.0.0.Final.jar;C:\Users\Josh\.m2\repository\org\jboss\marshalling\jboss-marshalling-river\2.0.0.Final\jboss-marshalling-river-2.0.0.Final.jar;C:\Users\Josh\.m2\repository\org\jboss\marshalling\jboss-marshalling\2.0.0.Final\jboss-marshalling-2.0.0.Final.jar;C:\Users\Josh\.m2\repository\org\jboss\arquillian\core\arquillian-core-api\1.4.1.Final\arquillian-core-api-1.4.1.Final.jar;"/>
    <property name="sun.cpu.endian" value="little"/>
    <property name="user.home" value="C:\Users\Josh"/>
    <property name="user.language" value="en"/>
    <property name="java.specification.vendor" value="Oracle Corporation"/>
    <property name="java.home" value="C:\Program Files\Java\jdk1.8.0_202\jre"/>
    <property name="basedir" value="C:\Users\Josh\Code\JavaEE\bookstore\bookstore-back"/>
    <property name="file.separator" value="\"/>
    <property name="line.separator" value="&#10;"/>
    <property name="java.vm.specification.vendor" value="Oracle Corporation"/>
    <property name="java.specification.name" value="Java Platform API Specification"/>
    <property name="java.awt.graphicsenv" value="sun.awt.Win32GraphicsEnvironment"/>
    <property name="surefire.real.class.path" value="C:\Users\Josh\AppData\Local\Temp\surefire8619069659355421078\surefirebooter2419350262195348723.jar"/>
    <property name="sun.boot.class.path" value="C:\Program Files\Java\jdk1.8.0_202\jre\lib\resources.jar;C:\Program Files\Java\jdk1.8.0_202\jre\lib\rt.jar;C:\Program Files\Java\jdk1.8.0_202\jre\lib\sunrsasign.jar;C:\Program Files\Java\jdk1.8.0_202\jre\lib\jsse.jar;C:\Program Files\Java\jdk1.8.0_202\jre\lib\jce.jar;C:\Program Files\Java\jdk1.8.0_202\jre\lib\charsets.jar;C:\Program Files\Java\jdk1.8.0_202\jre\lib\jfr.jar;C:\Program Files\Java\jdk1.8.0_202\jre\classes"/>
    <property name="user.script" value=""/>
    <property name="sun.management.compiler" value="HotSpot 64-Bit Tiered Compilers"/>
    <property name="java.runtime.version" value="1.8.0_202-b08"/>
    <property name="user.name" value="Josh"/>
    <property name="path.separator" value=";"/>
    <property name="os.version" value="10.0"/>
    <property name="java.endorsed.dirs" value="C:\Program Files\Java\jdk1.8.0_202\jre\lib\endorsed"/>
    <property name="java.runtime.name" value="Java(TM) SE Runtime Environment"/>
    <property name="file.encoding" value="Cp1252"/>
    <property name="java.vm.name" value="Java HotSpot(TM) 64-Bit Server VM"/>
    <property name="localRepository" value="C:\Users\Josh\.m2\repository"/>
    <property name="java.vendor.url.bug" value="http://bugreport.sun.com/bugreport/"/>
    <property name="java.io.tmpdir" value="C:\Users\Josh\AppData\Local\Temp\"/>
    <property name="java.version" value="1.8.0_202"/>
    <property name="user.dir" value="C:\Users\Josh\Code\JavaEE\bookstore\bookstore-back"/>
    <property name="os.arch" value="amd64"/>
    <property name="java.vm.specification.name" value="Java Virtual Machine Specification"/>
    <property name="java.awt.printerjob" value="sun.awt.windows.WPrinterJob"/>
    <property name="sun.os.patch.level" value=""/>
    <property name="java.library.path" value="C:\Program Files\Java\jdk1.8.0_202\jre\bin;C:\WINDOWS\Sun\Java\bin;C:\WINDOWS\system32;C:\WINDOWS;C:\Program Files\Git2\mingw64\bin;C:\Program Files\Git2\usr\bin;C:\Users\Josh\bin;C:\Program Files\kubectl;C:\Program Files (x86)\Common Files\Oracle\Java\javapath;C:\windows\system32;C:\windows;C:\windows\System32\Wbem;C:\windows\System32\WindowsPowerShell\v1.0;C:\windows\System32\OpenSSH;C:\Program Files (x86)\PharosSystems\Core;C:\Program Files\Git2\cmd;C:\Program Files (x86)\Intel\Intel(R) Management Engine Components\DAL;C:\Program Files\Intel\Intel(R) Management Engine Components\DAL;C:\WINDOWS\system32;C:\WINDOWS;C:\WINDOWS\System32\Wbem;C:\WINDOWS\System32\WindowsPowerShell\v1.0;C:\WINDOWS\System32\OpenSSH;C:\Program Files\apache-maven-3.6\apache-maven-3.6.2\bin;C:\Program Files\Java\jdk1.8.0_202\bin;C:\Users\Josh\AppData\Local\Programs\Python;C:\Program Files\Csound6_x64\bin;C:\Program Files\Gradle\gradle-6.3\bin;C:\Program Files\nodejs;C:\Program Files\JetBrains\IntelliJ IDEA 2020.1\bin;C:\Program Files\wildfly-20.0.0.Final\wildfly-20.0.0.Final\bin;C:\Users\Josh\AppData\Local\Microsoft\WindowsApps;C:\Users\Josh\AppData\Roaming\npm;C:\Tools\cygwin64\bin\;."/>
    <property name="java.vm.info" value="mixed mode"/>
    <property name="java.vendor" value="Oracle Corporation"/>
    <property name="java.vm.version" value="25.202-b08"/>
    <property name="java.ext.dirs" value="C:\Program Files\Java\jdk1.8.0_202\jre\lib\ext;C:\WINDOWS\Sun\Java\lib\ext"/>
    <property name="sun.io.unicode.encoding" value="UnicodeLittle"/>
    <property name="java.class.version" value="52.0"/>
  </properties>
  <testcase name="com.jbq.bookstore.repository.BookRepositoryTest" classname="com.jbq.bookstore.repository.BookRepositoryTest" time="6.957">
    <error message="Cannot deploy: test.war" type="org.jboss.arquillian.container.spi.client.container.DeploymentException">org.jboss.arquillian.container.spi.client.container.DeploymentException: Cannot deploy: test.war
Caused by: java.net.ConnectException: Connection refused: no further information
</error>
    <system-err><![CDATA[Jun 12, 2020 8:29:11 PM org.jboss.remoting3.EndpointImpl <clinit>
INFO: JBoss Remoting version 5.0.0.Final
Jun 12, 2020 8:29:11 PM org.xnio.Xnio <clinit>
INFO: XNIO version 3.5.1.Final
Jun 12, 2020 8:29:11 PM org.xnio.nio.NioXnio <clinit>
INFO: XNIO NIO Implementation Version 3.5.1.Final
Jun 12, 2020 8:29:11 PM org.wildfly.security.Version <clinit>
INFO: ELY00001: WildFly Elytron version 1.1.0.Final
Jun 12, 2020 8:29:16 PM org.jboss.as.arquillian.container.ArchiveDeployer undeploy
WARN: Cannot undeploy: test.war
java.io.IOException: java.net.ConnectException: WFLYPRT0053: Could not connect to remote+http://127.0.0.1:9990. The connection failed
	at org.jboss.as.controller.client.impl.AbstractModelControllerClient.executeForResult(AbstractModelControllerClient.java:149)
	at org.jboss.as.controller.client.impl.AbstractModelControllerClient.execute(AbstractModelControllerClient.java:75)
	at org.jboss.as.controller.client.helpers.DelegatingModelControllerClient.execute(DelegatingModelControllerClient.java:63)
	at org.wildfly.plugin.core.ServerHelper.isDomainServer(ServerHelper.java:114)
	at org.wildfly.plugin.core.DefaultDeploymentManager$LazyDomainCheck.get(DefaultDeploymentManager.java:500)
	at org.wildfly.plugin.core.DefaultDeploymentManager.isDomain(DefaultDeploymentManager.java:464)
	at org.wildfly.plugin.core.DefaultDeploymentManager.validateDeployment(DefaultDeploymentManager.java:424)
	at org.wildfly.plugin.core.DefaultDeploymentManager.undeploy(DefaultDeploymentManager.java:180)
	at org.jboss.as.arquillian.container.ArchiveDeployer.undeploy(ArchiveDeployer.java:135)
	at org.jboss.as.arquillian.container.ArchiveDeployer.undeploy(ArchiveDeployer.java:118)
	at org.jboss.as.arquillian.container.CommonDeployableContainer.undeploy(CommonDeployableContainer.java:250)
	at org.jboss.arquillian.container.impl.client.container.ContainerDeployController$4.call(ContainerDeployController.java:186)
	at org.jboss.arquillian.container.impl.client.container.ContainerDeployController$4.call(ContainerDeployController.java:170)
	at org.jboss.arquillian.container.impl.client.container.ContainerDeployController.executeOperation(ContainerDeployController.java:239)
	at org.jboss.arquillian.container.impl.client.container.ContainerDeployController.undeploy(ContainerDeployController.java:170)
	at sun.reflect.NativeMethodAccessorImpl.invoke0(Native Method)
	at sun.reflect.NativeMethodAccessorImpl.invoke(NativeMethodAccessorImpl.java:62)
	at sun.reflect.DelegatingMethodAccessorImpl.invoke(DelegatingMethodAccessorImpl.java:43)
	at java.lang.reflect.Method.invoke(Method.java:498)
	at org.jboss.arquillian.core.impl.ObserverImpl.invoke(ObserverImpl.java:86)
	at org.jboss.arquillian.core.impl.EventContextImpl.invokeObservers(EventContextImpl.java:103)
	at org.jboss.arquillian.core.impl.EventContextImpl.proceed(EventContextImpl.java:90)
	at org.jboss.arquillian.container.impl.client.ContainerDeploymentContextHandler.createDeploymentContext(ContainerDeploymentContextHandler.java:71)
	at sun.reflect.NativeMethodAccessorImpl.invoke0(Native Method)
	at sun.reflect.NativeMethodAccessorImpl.invoke(NativeMethodAccessorImpl.java:62)
	at sun.reflect.DelegatingMethodAccessorImpl.invoke(DelegatingMethodAccessorImpl.java:43)
	at java.lang.reflect.Method.invoke(Method.java:498)
	at org.jboss.arquillian.core.impl.ObserverImpl.invoke(ObserverImpl.java:86)
	at org.jboss.arquillian.core.impl.EventContextImpl.proceed(EventContextImpl.java:95)
	at org.jboss.arquillian.container.impl.client.ContainerDeploymentContextHandler.createContainerContext(ContainerDeploymentContextHandler.java:54)
	at sun.reflect.NativeMethodAccessorImpl.invoke0(Native Method)
	at sun.reflect.NativeMethodAccessorImpl.invoke(NativeMethodAccessorImpl.java:62)
	at sun.reflect.DelegatingMethodAccessorImpl.invoke(DelegatingMethodAccessorImpl.java:43)
	at java.lang.reflect.Method.invoke(Method.java:498)
	at org.jboss.arquillian.core.impl.ObserverImpl.invoke(ObserverImpl.java:86)
	at org.jboss.arquillian.core.impl.EventContextImpl.proceed(EventContextImpl.java:95)
	at org.jboss.arquillian.core.impl.ManagerImpl.fire(ManagerImpl.java:133)
	at org.jboss.arquillian.core.impl.ManagerImpl.fire(ManagerImpl.java:105)
	at org.jboss.arquillian.core.impl.EventImpl.fire(EventImpl.java:62)
	at org.jboss.arquillian.container.impl.client.container.ContainerDeployController$2.perform(ContainerDeployController.java:111)
	at org.jboss.arquillian.container.impl.client.container.ContainerDeployController$2.perform(ContainerDeployController.java:104)
	at org.jboss.arquillian.container.impl.client.container.ContainerDeployController.forEachDeployment(ContainerDeployController.java:232)
	at org.jboss.arquillian.container.impl.client.container.ContainerDeployController.forEachDeployedDeployment(ContainerDeployController.java:220)
	at org.jboss.arquillian.container.impl.client.container.ContainerDeployController.undeployManaged(ContainerDeployController.java:104)
	at sun.reflect.NativeMethodAccessorImpl.invoke0(Native Method)
	at sun.reflect.NativeMethodAccessorImpl.invoke(NativeMethodAccessorImpl.java:62)
	at sun.reflect.DelegatingMethodAccessorImpl.invoke(DelegatingMethodAccessorImpl.java:43)
	at java.lang.reflect.Method.invoke(Method.java:498)
	at org.jboss.arquillian.core.impl.ObserverImpl.invoke(ObserverImpl.java:86)
	at org.jboss.arquillian.core.impl.EventContextImpl.invokeObservers(EventContextImpl.java:103)
	at org.jboss.arquillian.core.impl.EventContextImpl.proceed(EventContextImpl.java:90)
	at org.jboss.arquillian.core.impl.ManagerImpl.fire(ManagerImpl.java:133)
	at org.jboss.arquillian.core.impl.ManagerImpl.fire(ManagerImpl.java:105)
	at org.jboss.arquillian.core.impl.EventImpl.fire(EventImpl.java:62)
	at org.jboss.arquillian.container.test.impl.client.ContainerEventController.execute(ContainerEventController.java:101)
	at sun.reflect.NativeMethodAccessorImpl.invoke0(Native Method)
	at sun.reflect.NativeMethodAccessorImpl.invoke(NativeMethodAccessorImpl.java:62)
	at sun.reflect.DelegatingMethodAccessorImpl.invoke(DelegatingMethodAccessorImpl.java:43)
	at java.lang.reflect.Method.invoke(Method.java:498)
	at org.jboss.arquillian.core.impl.ObserverImpl.invoke(ObserverImpl.java:86)
	at org.jboss.arquillian.core.impl.EventContextImpl.invokeObservers(EventContextImpl.java:103)
	at org.jboss.arquillian.core.impl.EventContextImpl.proceed(EventContextImpl.java:90)
	at org.jboss.arquillian.test.impl.TestContextHandler.createSuiteContext(TestContextHandler.java:69)
	at sun.reflect.NativeMethodAccessorImpl.invoke0(Native Method)
	at sun.reflect.NativeMethodAccessorImpl.invoke(NativeMethodAccessorImpl.java:62)
	at sun.reflect.DelegatingMethodAccessorImpl.invoke(DelegatingMethodAccessorImpl.java:43)
	at java.lang.reflect.Method.invoke(Method.java:498)
	at org.jboss.arquillian.core.impl.ObserverImpl.invoke(ObserverImpl.java:86)
	at org.jboss.arquillian.core.impl.EventContextImpl.proceed(EventContextImpl.java:95)
	at org.jboss.arquillian.test.impl.TestContextHandler.createClassContext(TestContextHandler.java:83)
	at sun.reflect.NativeMethodAccessorImpl.invoke0(Native Method)
	at sun.reflect.NativeMethodAccessorImpl.invoke(NativeMethodAccessorImpl.java:62)
	at sun.reflect.DelegatingMethodAccessorImpl.invoke(DelegatingMethodAccessorImpl.java:43)
	at java.lang.reflect.Method.invoke(Method.java:498)
	at org.jboss.arquillian.core.impl.ObserverImpl.invoke(ObserverImpl.java:86)
	at org.jboss.arquillian.core.impl.EventContextImpl.proceed(EventContextImpl.java:95)
	at org.jboss.arquillian.core.impl.ManagerImpl.fire(ManagerImpl.java:133)
	at org.jboss.arquillian.core.impl.ManagerImpl.fire(ManagerImpl.java:105)
	at org.jboss.arquillian.test.impl.EventTestRunnerAdaptor.afterClass(EventTestRunnerAdaptor.java:95)
	at org.jboss.arquillian.junit.Arquillian$3$1.evaluate(Arquillian.java:183)
	at org.jboss.arquillian.junit.Arquillian.multiExecute(Arquillian.java:350)
	at org.jboss.arquillian.junit.Arquillian.access$200(Arquillian.java:54)
	at org.jboss.arquillian.junit.Arquillian$3.evaluate(Arquillian.java:177)
	at org.junit.runners.ParentRunner.run(ParentRunner.java:363)
	at org.jboss.arquillian.junit.Arquillian.run(Arquillian.java:115)
	at org.apache.maven.surefire.junit4.JUnit4Provider.execute(JUnit4Provider.java:365)
	at org.apache.maven.surefire.junit4.JUnit4Provider.executeWithRerun(JUnit4Provider.java:273)
	at org.apache.maven.surefire.junit4.JUnit4Provider.executeTestSet(JUnit4Provider.java:238)
	at org.apache.maven.surefire.junit4.JUnit4Provider.invoke(JUnit4Provider.java:159)
	at org.apache.maven.surefire.booter.ForkedBooter.invokeProviderInSameClassLoader(ForkedBooter.java:384)
	at org.apache.maven.surefire.booter.ForkedBooter.runSuitesInProcess(ForkedBooter.java:345)
	at org.apache.maven.surefire.booter.ForkedBooter.execute(ForkedBooter.java:126)
	at org.apache.maven.surefire.booter.ForkedBooter.main(ForkedBooter.java:418)
Caused by: java.net.ConnectException: WFLYPRT0053: Could not connect to remote+http://127.0.0.1:9990. The connection failed
	at org.jboss.as.protocol.ProtocolConnectionUtils.connectSync(ProtocolConnectionUtils.java:128)
	at org.jboss.as.protocol.ProtocolConnectionManager$EstablishingConnection.connect(ProtocolConnectionManager.java:259)
	at org.jboss.as.protocol.ProtocolConnectionManager.connect(ProtocolConnectionManager.java:70)
	at org.jboss.as.protocol.mgmt.ManagementClientChannelStrategy$Establishing.getChannel(ManagementClientChannelStrategy.java:162)
	at org.jboss.as.controller.client.impl.RemotingModelControllerClient.getOrCreateChannel(RemotingModelControllerClient.java:146)
	at org.jboss.as.controller.client.impl.RemotingModelControllerClient$1.getChannel(RemotingModelControllerClient.java:60)
	at org.jboss.as.protocol.mgmt.ManagementChannelHandler.executeRequest(ManagementChannelHandler.java:135)
	at org.jboss.as.protocol.mgmt.ManagementChannelHandler.executeRequest(ManagementChannelHandler.java:110)
	at org.jboss.as.controller.client.impl.AbstractModelControllerClient.executeRequest(AbstractModelControllerClient.java:263)
	at org.jboss.as.controller.client.impl.AbstractModelControllerClient.execute(AbstractModelControllerClient.java:168)
	at org.jboss.as.controller.client.impl.AbstractModelControllerClient.executeForResult(AbstractModelControllerClient.java:147)
	... 92 more
Caused by: java.net.ConnectException: Connection refused: no further information
	at sun.nio.ch.SocketChannelImpl.checkConnect(Native Method)
	at sun.nio.ch.SocketChannelImpl.finishConnect(SocketChannelImpl.java:717)
	at org.xnio.nio.WorkerThread$ConnectHandle.handleReady(WorkerThread.java:325)
	at org.xnio.nio.WorkerThread.run(WorkerThread.java:571)
	at ...asynchronous invocation...(Unknown Source)
	at org.jboss.remoting3.EndpointImpl.connect(EndpointImpl.java:570)
	at org.jboss.remoting3.EndpointImpl.connect(EndpointImpl.java:532)
	at org.jboss.remoting3.EndpointImpl.connect(EndpointImpl.java:520)
	at org.jboss.as.protocol.ProtocolConnectionUtils.connect(ProtocolConnectionUtils.java:204)
	at org.jboss.as.protocol.ProtocolConnectionUtils.connectSync(ProtocolConnectionUtils.java:120)
	... 102 more

]]></system-err>
  </testcase>
</testsuite>